{"/Users/ralucanegoita/Desktop/individual_project_rn/source/server.js": {"path":"/Users/ralucanegoita/Desktop/individual_project_rn/source/server.js","statementMap":{"0":{"start":{"line":2,"column":16},"end":{"line":2,"column":34}},"1":{"start":{"line":4,"column":11},"end":{"line":4,"column":33}},"2":{"start":{"line":7,"column":12},"end":{"line":7,"column":21}},"3":{"start":{"line":9,"column":0},"end":{"line":9,"column":45}},"4":{"start":{"line":10,"column":0},"end":{"line":10,"column":24}},"5":{"start":{"line":12,"column":16},"end":{"line":12,"column":17}},"6":{"start":{"line":14,"column":14},"end":{"line":21,"column":1}},"7":{"start":{"line":25,"column":18},"end":{"line":25,"column":71}},"8":{"start":{"line":27,"column":17},"end":{"line":27,"column":36}},"9":{"start":{"line":29,"column":2},"end":{"line":29,"column":16}},"10":{"start":{"line":35,"column":2},"end":{"line":45,"column":3}},"11":{"start":{"line":36,"column":26},"end":{"line":36,"column":44}},"12":{"start":{"line":38,"column":22},"end":{"line":38,"column":74}},"13":{"start":{"line":38,"column":51},"end":{"line":38,"column":73}},"14":{"start":{"line":40,"column":4},"end":{"line":40,"column":25}},"15":{"start":{"line":42,"column":4},"end":{"line":42,"column":102}},"16":{"start":{"line":44,"column":4},"end":{"line":44,"column":23}},"17":{"start":{"line":49,"column":2},"end":{"line":51,"column":3}},"18":{"start":{"line":50,"column":4},"end":{"line":50,"column":42}},"19":{"start":{"line":53,"column":2},"end":{"line":53,"column":34}},"20":{"start":{"line":59,"column":2},"end":{"line":64,"column":3}},"21":{"start":{"line":59,"column":15},"end":{"line":59,"column":32}},"22":{"start":{"line":60,"column":4},"end":{"line":63,"column":5}},"23":{"start":{"line":61,"column":6},"end":{"line":61,"column":18}},"24":{"start":{"line":62,"column":6},"end":{"line":62,"column":21}},"25":{"start":{"line":65,"column":2},"end":{"line":65,"column":12}},"26":{"start":{"line":69,"column":2},"end":{"line":69,"column":16}},"27":{"start":{"line":71,"column":2},"end":{"line":75,"column":3}},"28":{"start":{"line":71,"column":15},"end":{"line":71,"column":16}},"29":{"start":{"line":72,"column":4},"end":{"line":74,"column":5}},"30":{"start":{"line":72,"column":17},"end":{"line":72,"column":18}},"31":{"start":{"line":73,"column":6},"end":{"line":73,"column":23}},"32":{"start":{"line":77,"column":2},"end":{"line":77,"column":16}},"33":{"start":{"line":81,"column":2},"end":{"line":81,"column":90}},"34":{"start":{"line":85,"column":2},"end":{"line":97,"column":3}},"35":{"start":{"line":85,"column":17},"end":{"line":85,"column":18}},"36":{"start":{"line":86,"column":4},"end":{"line":96,"column":5}},"37":{"start":{"line":86,"column":19},"end":{"line":86,"column":20}},"38":{"start":{"line":87,"column":6},"end":{"line":95,"column":7}},"39":{"start":{"line":89,"column":8},"end":{"line":92,"column":9}},"40":{"start":{"line":90,"column":10},"end":{"line":90,"column":31}},"41":{"start":{"line":91,"column":10},"end":{"line":91,"column":19}},"42":{"start":{"line":93,"column":8},"end":{"line":93,"column":29}},"43":{"start":{"line":94,"column":8},"end":{"line":94,"column":17}},"44":{"start":{"line":98,"column":2},"end":{"line":98,"column":12}},"45":{"start":{"line":102,"column":2},"end":{"line":114,"column":3}},"46":{"start":{"line":102,"column":17},"end":{"line":102,"column":18}},"47":{"start":{"line":103,"column":4},"end":{"line":113,"column":5}},"48":{"start":{"line":103,"column":19},"end":{"line":103,"column":20}},"49":{"start":{"line":104,"column":6},"end":{"line":112,"column":7}},"50":{"start":{"line":106,"column":8},"end":{"line":109,"column":9}},"51":{"start":{"line":107,"column":10},"end":{"line":107,"column":31}},"52":{"start":{"line":108,"column":10},"end":{"line":108,"column":19}},"53":{"start":{"line":110,"column":8},"end":{"line":110,"column":29}},"54":{"start":{"line":111,"column":8},"end":{"line":111,"column":17}},"55":{"start":{"line":115,"column":2},"end":{"line":115,"column":12}},"56":{"start":{"line":118,"column":0},"end":{"line":124,"column":3}},"57":{"start":{"line":119,"column":17},"end":{"line":119,"column":35}},"58":{"start":{"line":120,"column":2},"end":{"line":123,"column":5}},"59":{"start":{"line":126,"column":0},"end":{"line":149,"column":3}},"60":{"start":{"line":127,"column":18},"end":{"line":127,"column":19}},"61":{"start":{"line":128,"column":14},"end":{"line":128,"column":61}},"62":{"start":{"line":130,"column":2},"end":{"line":135,"column":3}},"63":{"start":{"line":131,"column":4},"end":{"line":134,"column":7}},"64":{"start":{"line":137,"column":2},"end":{"line":141,"column":3}},"65":{"start":{"line":138,"column":4},"end":{"line":138,"column":38}},"66":{"start":{"line":140,"column":4},"end":{"line":140,"column":38}},"67":{"start":{"line":143,"column":2},"end":{"line":143,"column":17}},"68":{"start":{"line":145,"column":2},"end":{"line":148,"column":5}},"69":{"start":{"line":151,"column":0},"end":{"line":157,"column":3}},"70":{"start":{"line":152,"column":2},"end":{"line":156,"column":5}},"71":{"start":{"line":159,"column":0},"end":{"line":186,"column":3}},"72":{"start":{"line":160,"column":2},"end":{"line":160,"column":21}},"73":{"start":{"line":161,"column":27},"end":{"line":161,"column":69}},"74":{"start":{"line":162,"column":25},"end":{"line":162,"column":65}},"75":{"start":{"line":164,"column":2},"end":{"line":185,"column":3}},"76":{"start":{"line":165,"column":4},"end":{"line":165,"column":40}},"77":{"start":{"line":167,"column":4},"end":{"line":171,"column":7}},"78":{"start":{"line":172,"column":9},"end":{"line":185,"column":3}},"79":{"start":{"line":173,"column":4},"end":{"line":173,"column":38}},"80":{"start":{"line":174,"column":4},"end":{"line":178,"column":7}},"81":{"start":{"line":180,"column":4},"end":{"line":184,"column":7}},"82":{"start":{"line":189,"column":0},"end":{"line":194,"column":1}},"83":{"start":{"line":190,"column":2},"end":{"line":193,"column":5}},"84":{"start":{"line":192,"column":4},"end":{"line":192,"column":48}},"85":{"start":{"line":196,"column":0},"end":{"line":206,"column":2}}},"fnMap":{"0":{"name":"readScores","decl":{"start":{"line":24,"column":15},"end":{"line":24,"column":25}},"loc":{"start":{"line":24,"column":28},"end":{"line":30,"column":1}},"line":24},"1":{"name":"updateScore","decl":{"start":{"line":34,"column":15},"end":{"line":34,"column":26}},"loc":{"start":{"line":34,"column":35},"end":{"line":46,"column":1}},"line":34},"2":{"name":"(anonymous_2)","decl":{"start":{"line":38,"column":41},"end":{"line":38,"column":42}},"loc":{"start":{"line":38,"column":51},"end":{"line":38,"column":73}},"line":38},"3":{"name":"isPositionTaken","decl":{"start":{"line":48,"column":9},"end":{"line":48,"column":24}},"loc":{"start":{"line":48,"column":45},"end":{"line":54,"column":1}},"line":48},"4":{"name":"dropToBottom","decl":{"start":{"line":56,"column":9},"end":{"line":56,"column":21}},"loc":{"start":{"line":56,"column":45},"end":{"line":66,"column":1}},"line":56},"5":{"name":"resetGame","decl":{"start":{"line":68,"column":9},"end":{"line":68,"column":18}},"loc":{"start":{"line":68,"column":27},"end":{"line":78,"column":1}},"line":68},"6":{"name":"findMatch","decl":{"start":{"line":80,"column":9},"end":{"line":80,"column":18}},"loc":{"start":{"line":80,"column":42},"end":{"line":82,"column":1}},"line":80},"7":{"name":"horizontalWinCheck","decl":{"start":{"line":84,"column":15},"end":{"line":84,"column":33}},"loc":{"start":{"line":84,"column":53},"end":{"line":99,"column":1}},"line":84},"8":{"name":"verticalWinCheck","decl":{"start":{"line":101,"column":15},"end":{"line":101,"column":31}},"loc":{"start":{"line":101,"column":51},"end":{"line":116,"column":1}},"line":101},"9":{"name":"(anonymous_9)","decl":{"start":{"line":118,"column":22},"end":{"line":118,"column":23}},"loc":{"start":{"line":118,"column":42},"end":{"line":124,"column":1}},"line":118},"10":{"name":"(anonymous_10)","decl":{"start":{"line":126,"column":33},"end":{"line":126,"column":34}},"loc":{"start":{"line":126,"column":47},"end":{"line":149,"column":1}},"line":126},"11":{"name":"(anonymous_11)","decl":{"start":{"line":151,"column":29},"end":{"line":151,"column":30}},"loc":{"start":{"line":151,"column":43},"end":{"line":157,"column":1}},"line":151},"12":{"name":"(anonymous_12)","decl":{"start":{"line":159,"column":24},"end":{"line":159,"column":25}},"loc":{"start":{"line":159,"column":44},"end":{"line":186,"column":1}},"line":159},"13":{"name":"(anonymous_13)","decl":{"start":{"line":190,"column":19},"end":{"line":190,"column":20}},"loc":{"start":{"line":190,"column":25},"end":{"line":193,"column":3}},"line":190}},"branchMap":{"0":{"loc":{"start":{"line":49,"column":2},"end":{"line":51,"column":3}},"type":"if","locations":[{"start":{"line":49,"column":2},"end":{"line":51,"column":3}},{"start":{"line":49,"column":2},"end":{"line":51,"column":3}}],"line":49},"1":{"loc":{"start":{"line":49,"column":6},"end":{"line":49,"column":46}},"type":"binary-expr","locations":[{"start":{"line":49,"column":6},"end":{"line":49,"column":24}},{"start":{"line":49,"column":28},"end":{"line":49,"column":46}}],"line":49},"2":{"loc":{"start":{"line":60,"column":4},"end":{"line":63,"column":5}},"type":"if","locations":[{"start":{"line":60,"column":4},"end":{"line":63,"column":5}},{"start":{"line":60,"column":4},"end":{"line":63,"column":5}}],"line":60},"3":{"loc":{"start":{"line":81,"column":10},"end":{"line":81,"column":88}},"type":"binary-expr","locations":[{"start":{"line":81,"column":10},"end":{"line":81,"column":21}},{"start":{"line":81,"column":25},"end":{"line":81,"column":38}},{"start":{"line":81,"column":42},"end":{"line":81,"column":54}},{"start":{"line":81,"column":58},"end":{"line":81,"column":67}},{"start":{"line":81,"column":71},"end":{"line":81,"column":88}}],"line":81},"4":{"loc":{"start":{"line":87,"column":6},"end":{"line":95,"column":7}},"type":"if","locations":[{"start":{"line":87,"column":6},"end":{"line":95,"column":7}},{"start":{"line":87,"column":6},"end":{"line":95,"column":7}}],"line":87},"5":{"loc":{"start":{"line":89,"column":8},"end":{"line":92,"column":9}},"type":"if","locations":[{"start":{"line":89,"column":8},"end":{"line":92,"column":9}},{"start":{"line":89,"column":8},"end":{"line":92,"column":9}}],"line":89},"6":{"loc":{"start":{"line":104,"column":6},"end":{"line":112,"column":7}},"type":"if","locations":[{"start":{"line":104,"column":6},"end":{"line":112,"column":7}},{"start":{"line":104,"column":6},"end":{"line":112,"column":7}}],"line":104},"7":{"loc":{"start":{"line":106,"column":8},"end":{"line":109,"column":9}},"type":"if","locations":[{"start":{"line":106,"column":8},"end":{"line":109,"column":9}},{"start":{"line":106,"column":8},"end":{"line":109,"column":9}}],"line":106},"8":{"loc":{"start":{"line":130,"column":2},"end":{"line":135,"column":3}},"type":"if","locations":[{"start":{"line":130,"column":2},"end":{"line":135,"column":3}},{"start":{"line":130,"column":2},"end":{"line":135,"column":3}}],"line":130},"9":{"loc":{"start":{"line":137,"column":2},"end":{"line":141,"column":3}},"type":"if","locations":[{"start":{"line":137,"column":2},"end":{"line":141,"column":3}},{"start":{"line":137,"column":2},"end":{"line":141,"column":3}}],"line":137},"10":{"loc":{"start":{"line":147,"column":12},"end":{"line":147,"column":39}},"type":"cond-expr","locations":[{"start":{"line":147,"column":34},"end":{"line":147,"column":35}},{"start":{"line":147,"column":38},"end":{"line":147,"column":39}}],"line":147},"11":{"loc":{"start":{"line":164,"column":2},"end":{"line":185,"column":3}},"type":"if","locations":[{"start":{"line":164,"column":2},"end":{"line":185,"column":3}},{"start":{"line":164,"column":2},"end":{"line":185,"column":3}}],"line":164},"12":{"loc":{"start":{"line":172,"column":9},"end":{"line":185,"column":3}},"type":"if","locations":[{"start":{"line":172,"column":9},"end":{"line":185,"column":3}},{"start":{"line":172,"column":9},"end":{"line":185,"column":3}}],"line":172},"13":{"loc":{"start":{"line":189,"column":0},"end":{"line":194,"column":1}},"type":"if","locations":[{"start":{"line":189,"column":0},"end":{"line":194,"column":1}},{"start":{"line":189,"column":0},"end":{"line":194,"column":1}}],"line":189}},"s":{"0":1,"1":1,"2":1,"3":1,"4":1,"5":1,"6":1,"7":5,"8":5,"9":5,"10":4,"11":4,"12":4,"13":5,"14":4,"15":4,"16":0,"17":14,"18":1,"19":13,"20":3,"21":3,"22":11,"23":2,"24":2,"25":1,"26":2,"27":2,"28":2,"29":12,"30":12,"31":84,"32":2,"33":105,"34":3,"35":3,"36":14,"37":14,"38":50,"39":2,"40":1,"41":1,"42":1,"43":1,"44":1,"45":3,"46":3,"47":9,"48":9,"49":51,"50":2,"51":1,"52":1,"53":1,"54":1,"55":1,"56":1,"57":1,"58":1,"59":1,"60":1,"61":1,"62":1,"63":0,"64":1,"65":1,"66":0,"67":1,"68":1,"69":1,"70":1,"71":1,"72":0,"73":0,"74":0,"75":0,"76":0,"77":0,"78":0,"79":0,"80":0,"81":0,"82":1,"83":0,"84":0,"85":1},"f":{"0":5,"1":4,"2":5,"3":14,"4":3,"5":2,"6":105,"7":3,"8":3,"9":1,"10":1,"11":1,"12":0,"13":0},"b":{"0":[1,13],"1":[14,13],"2":[2,9],"3":[105,80,63,54,6],"4":[2,48],"5":[1,1],"6":[2,49],"7":[1,1],"8":[0,1],"9":[1,0],"10":[0,1],"11":[0,0],"12":[0,0],"13":[0,1]},"_coverageSchema":"1a1c01bbd47fc00a2c39e90264f33305004495a9","hash":"bd9a3e54195930f571eeca8991ead30c3a52d372"}
}
