TN:
SF:source/server.js
FN:24,readScores
FN:34,updateScore
FN:38,(anonymous_2)
FN:48,isPositionTaken
FN:56,dropToBottom
FN:68,resetGame
FN:80,findMatch
FN:84,horizontalWinCheck
FN:101,verticalWinCheck
FN:118,(anonymous_9)
FN:126,(anonymous_10)
FN:151,(anonymous_11)
FN:159,(anonymous_12)
FN:190,(anonymous_13)
FNF:14
FNH:12
FNDA:5,readScores
FNDA:4,updateScore
FNDA:5,(anonymous_2)
FNDA:14,isPositionTaken
FNDA:3,dropToBottom
FNDA:2,resetGame
FNDA:105,findMatch
FNDA:3,horizontalWinCheck
FNDA:3,verticalWinCheck
FNDA:1,(anonymous_9)
FNDA:1,(anonymous_10)
FNDA:1,(anonymous_11)
FNDA:0,(anonymous_12)
FNDA:0,(anonymous_13)
DA:2,1
DA:4,1
DA:7,1
DA:9,1
DA:10,1
DA:12,1
DA:14,1
DA:25,5
DA:27,5
DA:29,5
DA:35,4
DA:36,4
DA:38,5
DA:40,4
DA:42,4
DA:44,0
DA:49,14
DA:50,1
DA:53,13
DA:59,3
DA:60,11
DA:61,2
DA:62,2
DA:65,1
DA:69,2
DA:71,2
DA:72,12
DA:73,84
DA:77,2
DA:81,105
DA:85,3
DA:86,14
DA:87,50
DA:89,2
DA:90,1
DA:91,1
DA:93,1
DA:94,1
DA:98,1
DA:102,3
DA:103,9
DA:104,51
DA:106,2
DA:107,1
DA:108,1
DA:110,1
DA:111,1
DA:115,1
DA:118,1
DA:119,1
DA:120,1
DA:126,1
DA:127,1
DA:128,1
DA:130,1
DA:131,0
DA:137,1
DA:138,1
DA:140,0
DA:143,1
DA:145,1
DA:151,1
DA:152,1
DA:159,1
DA:160,0
DA:161,0
DA:162,0
DA:164,0
DA:165,0
DA:167,0
DA:172,0
DA:173,0
DA:174,0
DA:180,0
DA:189,1
DA:190,0
DA:192,0
DA:196,1
LF:78
LH:63
BRDA:49,0,0,1
BRDA:49,0,1,13
BRDA:49,1,0,14
BRDA:49,1,1,13
BRDA:60,2,0,2
BRDA:60,2,1,9
BRDA:81,3,0,105
BRDA:81,3,1,80
BRDA:81,3,2,63
BRDA:81,3,3,54
BRDA:81,3,4,6
BRDA:87,4,0,2
BRDA:87,4,1,48
BRDA:89,5,0,1
BRDA:89,5,1,1
BRDA:104,6,0,2
BRDA:104,6,1,49
BRDA:106,7,0,1
BRDA:106,7,1,1
BRDA:130,8,0,0
BRDA:130,8,1,1
BRDA:137,9,0,1
BRDA:137,9,1,0
BRDA:147,10,0,0
BRDA:147,10,1,1
BRDA:164,11,0,0
BRDA:164,11,1,0
BRDA:172,12,0,0
BRDA:172,12,1,0
BRDA:189,13,0,0
BRDA:189,13,1,1
BRF:31
BRH:23
end_of_record
